SF:lib/features/weather_detail/data/models/weather_detail_model.dart
DA:9,4
DA:10,2
DA:11,2
DA:12,0
DA:22,4
DA:27,2
DA:28,2
DA:29,2
LF:8
LH:7
end_of_record
SF:lib/features/weather_detail/data/models/weather_detail_model.g.dart
DA:9,2
DA:10,2
DA:11,2
DA:12,2
DA:15,0
DA:16,0
DA:17,0
DA:20,2
DA:21,2
DA:22,2
DA:23,2
DA:24,4
DA:27,1
DA:28,1
DA:29,1
DA:30,1
DA:31,1
LF:17
LH:14
end_of_record
SF:lib/features/weather_detail/data/service/weather_detail_service.dart
DA:11,2
LF:1
LH:1
end_of_record
SF:lib/features/weather_detail/data/service/weather_detail_service.g.dart
DA:12,1
DA:13,1
DA:22,1
DA:28,1
DA:29,1
DA:34,1
DA:36,1
DA:37,1
DA:38,1
DA:39,2
DA:44,6
DA:46,2
DA:49,2
DA:51,0
DA:57,1
DA:58,1
DA:59,2
DA:60,2
DA:61,1
DA:62,0
DA:64,1
DA:70,1
DA:71,2
DA:75,1
DA:77,1
DA:78,1
DA:81,0
LF:27
LH:24
end_of_record
SF:lib/features/weather_detail/ui/weather_detail_page.dart
DA:8,0
DA:18,1
DA:19,1
DA:23,1
DA:25,1
DA:26,3
DA:27,1
DA:31,1
DA:32,3
DA:33,2
DA:34,2
DA:38,1
DA:40,1
DA:41,1
DA:42,1
DA:44,1
DA:46,1
DA:49,1
DA:50,1
DA:53,1
DA:54,1
DA:55,1
DA:56,1
DA:60,1
DA:61,1
DA:63,2
DA:64,1
DA:68,3
DA:69,1
DA:70,2
DA:71,1
DA:73,1
DA:74,1
DA:75,1
DA:78,1
DA:79,1
DA:80,1
DA:82,1
DA:94,1
DA:95,1
DA:96,2
DA:97,3
DA:98,1
DA:99,1
DA:101,1
DA:102,1
DA:103,2
DA:104,1
DA:110,1
DA:112,1
DA:117,1
DA:120,1
DA:122,1
DA:123,1
DA:124,3
DA:125,1
DA:127,1
DA:130,1
DA:131,3
DA:132,1
DA:139,1
DA:142,1
DA:143,2
DA:144,1
DA:156,1
DA:158,1
DA:160,1
DA:161,1
DA:162,1
DA:163,1
DA:164,1
DA:166,1
DA:167,1
DA:168,1
DA:169,1
DA:170,1
DA:171,1
DA:172,1
DA:173,1
DA:174,1
DA:175,1
DA:176,1
DA:177,1
DA:178,1
DA:179,1
DA:180,1
DA:181,1
DA:183,1
DA:184,1
DA:185,1
DA:186,1
DA:187,1
DA:188,1
DA:197,1
DA:199,1
DA:201,1
DA:203,1
DA:205,1
LF:98
LH:97
end_of_record
SF:lib/features/weather_detail/weather_detail_bloc/weather_detail_cubit.dart
DA:9,3
DA:11,1
DA:16,2
DA:17,2
DA:22,2
DA:24,2
LF:6
LH:6
end_of_record
SF:lib/features/weather_detail/weather_detail_bloc/weather_detail_state.dart
DA:9,2
DA:14,2
LF:2
LH:2
end_of_record
SF:lib/features/search_city/data/models/city_search_model.dart
DA:8,4
DA:9,2
DA:10,2
DA:11,0
DA:22,3
DA:30,2
DA:31,2
DA:32,4
LF:8
LH:7
end_of_record
SF:lib/features/search_city/data/models/city_search_model.g.dart
DA:9,4
DA:10,2
DA:11,6
DA:12,2
DA:15,0
DA:16,0
DA:19,2
DA:20,2
DA:21,4
DA:22,2
DA:23,4
DA:24,4
DA:25,2
DA:28,2
DA:29,2
DA:30,2
DA:31,2
DA:32,2
DA:33,2
DA:34,2
LF:20
LH:18
end_of_record
SF:lib/features/search_city/city_serch_bloc/city_search_bloc.dart
DA:12,3
DA:13,1
DA:14,1
DA:15,1
DA:17,1
DA:18,1
DA:20,1
DA:24,1
DA:27,2
DA:29,3
DA:30,2
DA:32,2
LF:12
LH:12
end_of_record
SF:lib/features/search_city/data/services/city_search_service.g.dart
DA:12,1
DA:13,1
DA:22,1
DA:27,1
DA:28,1
DA:29,1
DA:31,1
DA:32,1
DA:33,1
DA:34,2
DA:39,6
DA:41,2
DA:44,2
DA:46,0
DA:52,1
DA:53,1
DA:54,2
DA:55,2
DA:56,1
DA:57,0
DA:59,1
DA:65,1
DA:66,2
DA:70,1
DA:72,1
DA:73,1
DA:76,0
LF:27
LH:24
end_of_record
SF:lib/features/search_city/data/services/city_search_service.dart
DA:11,2
LF:1
LH:1
end_of_record
SF:lib/features/search_city/city_serch_bloc/city_search_event.dart
DA:5,2
LF:1
LH:1
end_of_record
SF:lib/features/search_city/city_serch_bloc/city_search_state.dart
DA:11,2
DA:17,2
LF:2
LH:2
end_of_record
SF:lib/features/search_city/ui/search_city_page.dart
DA:10,0
DA:12,1
DA:13,1
DA:18,1
DA:20,1
DA:21,1
DA:22,1
DA:24,1
DA:26,1
DA:27,1
DA:28,1
DA:29,1
DA:30,1
DA:31,1
DA:33,1
DA:35,1
DA:36,1
DA:39,1
DA:40,1
DA:41,1
DA:43,2
DA:44,1
DA:46,2
DA:47,1
DA:49,1
DA:50,1
DA:54,1
DA:57,1
DA:61,3
DA:62,1
DA:63,2
DA:64,1
DA:66,1
DA:67,1
DA:68,1
DA:71,1
DA:72,0
DA:73,0
DA:75,1
DA:90,1
DA:91,1
DA:92,1
DA:93,1
DA:94,1
DA:95,1
DA:96,1
DA:97,1
DA:98,0
DA:99,0
DA:101,0
DA:102,0
DA:103,0
DA:104,0
DA:105,0
DA:110,1
DA:111,1
DA:113,2
DA:120,1
DA:121,3
DA:122,1
DA:123,2
DA:124,2
LF:62
LH:52
end_of_record
